2016/01/21 10:28:54 [alert] 25234#0: lua_code_cache is off; this will hurt performance in /home/ngx_lua/zjex-nginx/conf/nginx.conf:34
2016/01/21 10:28:54 [notice] 25234#0: signal process started
2016/01/21 10:28:54 [error] 25234#0: open() "/home/ngx_lua/zjex-nginx/logs/nginx.pid" failed (2: No such file or directory)
2016/01/21 10:28:54 [alert] 25235#0: lua_code_cache is off; this will hurt performance in /home/ngx_lua/zjex-nginx/conf/nginx.conf:34
2016/01/21 10:29:15 [alert] 25243#0: lua_code_cache is off; this will hurt performance in /home/ngx_lua/zjex-nginx/conf/nginx.conf:34
2016/01/21 10:29:15 [notice] 25243#0: signal process started
2016/01/21 10:29:15 [alert] 25244#0: lua_code_cache is off; this will hurt performance in /home/ngx_lua/zjex-nginx/conf/nginx.conf:34
2016/01/21 13:54:36 [alert] 27711#0: lua_code_cache is off; this will hurt performance in /home/ngx_lua/zjex-nginx/conf/nginx.conf:35
2016/01/21 13:54:36 [notice] 27711#0: signal process started
2016/01/21 13:54:37 [alert] 27712#0: lua_code_cache is off; this will hurt performance in /home/ngx_lua/zjex-nginx/conf/nginx.conf:35
2016/01/21 13:56:01 [alert] 27739#0: lua_code_cache is off; this will hurt performance in /home/ngx_lua/zjex-nginx/conf/nginx.conf:35
2016/01/21 13:56:01 [notice] 27739#0: signal process started
2016/01/21 13:56:02 [alert] 27740#0: lua_code_cache is off; this will hurt performance in /home/ngx_lua/zjex-nginx/conf/nginx.conf:35
2016/01/21 14:03:24 [alert] 27837#0: lua_code_cache is off; this will hurt performance in /home/ngx_lua/zjex-nginx/conf/nginx.conf:35
2016/01/21 14:03:24 [notice] 27837#0: signal process started
2016/01/21 14:03:24 [alert] 27838#0: lua_code_cache is off; this will hurt performance in /home/ngx_lua/zjex-nginx/conf/nginx.conf:35
2016/01/21 14:12:08 [alert] 27940#0: lua_code_cache is off; this will hurt performance in /home/ngx_lua/zjex-nginx/conf/nginx.conf:35
2016/01/21 14:12:08 [notice] 27940#0: signal process started
2016/01/21 14:12:08 [alert] 27941#0: lua_code_cache is off; this will hurt performance in /home/ngx_lua/zjex-nginx/conf/nginx.conf:35
2016/01/21 14:21:59 [alert] 28070#0: lua_code_cache is off; this will hurt performance in /home/ngx_lua/zjex-nginx/conf/nginx.conf:35
2016/01/21 14:21:59 [notice] 28070#0: signal process started
2016/01/21 14:21:59 [alert] 28071#0: lua_code_cache is off; this will hurt performance in /home/ngx_lua/zjex-nginx/conf/nginx.conf:35
2016/01/21 14:27:15 [alert] 28139#0: lua_code_cache is off; this will hurt performance in /home/ngx_lua/zjex-nginx/conf/nginx.conf:35
2016/01/21 14:27:15 [emerg] 28139#0: unknown directive "index.html" in /home/ngx_lua/zjex-nginx/conf/nginx.conf:69
2016/01/21 14:27:15 [alert] 28140#0: lua_code_cache is off; this will hurt performance in /home/ngx_lua/zjex-nginx/conf/nginx.conf:35
2016/01/21 14:27:15 [emerg] 28140#0: unknown directive "index.html" in /home/ngx_lua/zjex-nginx/conf/nginx.conf:69
2016/01/21 14:30:12 [alert] 28179#0: lua_code_cache is off; this will hurt performance in /home/ngx_lua/zjex-nginx/conf/nginx.conf:35
2016/01/21 14:30:12 [notice] 28179#0: signal process started
2016/01/21 14:30:12 [alert] 28180#0: lua_code_cache is off; this will hurt performance in /home/ngx_lua/zjex-nginx/conf/nginx.conf:35
2016/01/21 14:35:40 [alert] 28242#0: lua_code_cache is off; this will hurt performance in /home/ngx_lua/zjex-nginx/conf/nginx.conf:35
2016/01/21 14:35:40 [notice] 28242#0: signal process started
2016/01/21 14:35:40 [alert] 28243#0: lua_code_cache is off; this will hurt performance in /home/ngx_lua/zjex-nginx/conf/nginx.conf:35
2016/01/21 15:43:47 [alert] 29074#0: lua_code_cache is off; this will hurt performance in /home/ngx_lua/zjex-nginx/conf/nginx.conf:35
2016/01/21 15:43:47 [notice] 29074#0: signal process started
2016/01/21 15:43:47 [alert] 29074#0: kill(28244, 15) failed (3: No such process)
2016/01/21 15:43:47 [alert] 29075#0: lua_code_cache is off; this will hurt performance in /home/ngx_lua/zjex-nginx/conf/nginx.conf:35
2016/01/21 15:43:51 [alert] 29081#0: lua_code_cache is off; this will hurt performance in /home/ngx_lua/zjex-nginx/conf/nginx.conf:35
2016/01/21 15:43:51 [notice] 29081#0: signal process started
2016/01/21 15:43:51 [alert] 29081#0: kill(28244, 15) failed (3: No such process)
2016/01/21 15:43:51 [alert] 29082#0: lua_code_cache is off; this will hurt performance in /home/ngx_lua/zjex-nginx/conf/nginx.conf:35
2016/01/21 15:44:34 [alert] 29100#0: lua_code_cache is off; this will hurt performance in /home/ngx_lua/zjex-nginx/conf/nginx.conf:35
2016/01/21 15:44:34 [notice] 29100#0: signal process started
2016/01/21 15:44:34 [error] 29100#0: open() "/home/ngx_lua/zjex-nginx/logs/nginx.pid" failed (2: No such file or directory)
2016/01/21 15:44:34 [alert] 29101#0: lua_code_cache is off; this will hurt performance in /home/ngx_lua/zjex-nginx/conf/nginx.conf:35
2016/01/21 15:47:04 [alert] 29148#0: lua_code_cache is off; this will hurt performance in /home/ngx_lua/zjex-nginx/conf/nginx.conf:35
2016/01/21 15:47:04 [notice] 29148#0: signal process started
2016/01/21 15:47:04 [alert] 29149#0: lua_code_cache is off; this will hurt performance in /home/ngx_lua/zjex-nginx/conf/nginx.conf:35
2016/01/22 12:05:22 [alert] 9539#0: lua_code_cache is off; this will hurt performance in /home/ngx_lua/zjex-nginx/conf/nginx.conf:35
2016/01/22 12:05:22 [notice] 9539#0: signal process started
2016/01/22 12:05:22 [alert] 9540#0: lua_code_cache is off; this will hurt performance in /home/ngx_lua/zjex-nginx/conf/nginx.conf:35
2016/01/22 12:07:31 [alert] 9579#0: lua_code_cache is off; this will hurt performance in /home/ngx_lua/zjex-nginx/conf/nginx.conf:35
2016/01/22 12:07:31 [notice] 9579#0: signal process started
2016/01/22 12:07:31 [alert] 9580#0: lua_code_cache is off; this will hurt performance in /home/ngx_lua/zjex-nginx/conf/nginx.conf:35
2016/01/22 12:08:32 [alert] 9599#0: lua_code_cache is off; this will hurt performance in /home/ngx_lua/zjex-nginx/conf/nginx.conf:35
2016/01/22 12:08:32 [notice] 9599#0: signal process started
2016/01/22 12:08:32 [alert] 9600#0: lua_code_cache is off; this will hurt performance in /home/ngx_lua/zjex-nginx/conf/nginx.conf:35
